c:\users\dopamine\desktop\khaleesi-sdk\khaleesi sdk\intermediates\debug\vc141.pdb
c:\users\dopamine\desktop\khaleesi-sdk\khaleesi sdk\intermediates\debug\vc141.idb
c:\users\dopamine\desktop\khaleesi-sdk\khaleesi sdk\intermediates\debug\utilities.obj
c:\users\dopamine\desktop\khaleesi-sdk\khaleesi sdk\intermediates\debug\globals.obj
c:\users\dopamine\desktop\khaleesi-sdk\khaleesi sdk\intermediates\debug\menu.obj
c:\users\dopamine\desktop\khaleesi-sdk\khaleesi sdk\intermediates\debug\interfaces.obj
c:\users\dopamine\desktop\khaleesi-sdk\khaleesi sdk\intermediates\debug\hooks.obj
c:\users\dopamine\desktop\khaleesi-sdk\khaleesi sdk\intermediates\debug\dll_main.obj
c:\users\dopamine\desktop\khaleesi-sdk\khaleesi sdk\intermediates\debug\resolver.obj
c:\users\dopamine\desktop\khaleesi-sdk\khaleesi sdk\intermediates\debug\netvar_manager.obj
c:\users\dopamine\desktop\khaleesi-sdk\khaleesi sdk\intermediates\debug\anti_aim.obj
c:\users\dopamine\desktop\khaleesi-sdk\khaleesi sdk\intermediates\debug\grenade_prediction.obj
c:\users\dopamine\desktop\khaleesi-sdk\khaleesi sdk\intermediates\debug\logs.obj
c:\users\dopamine\desktop\khaleesi-sdk\khaleesi sdk\intermediates\debug\hooks.new.obj.enc
c:\users\dopamine\desktop\khaleesi-sdk\khaleesi sdk\intermediates\debug\khaleesi sdk.tlog\cl.command.1.tlog
c:\users\dopamine\desktop\khaleesi-sdk\khaleesi sdk\intermediates\debug\khaleesi sdk.tlog\cl.read.1.tlog
c:\users\dopamine\desktop\khaleesi-sdk\khaleesi sdk\intermediates\debug\khaleesi sdk.tlog\cl.write.1.tlog
c:\users\dopamine\desktop\khaleesi-sdk\khaleesi sdk\intermediates\debug\khaleesi sdk.tlog\link-cvtres.read.1.tlog
c:\users\dopamine\desktop\khaleesi-sdk\khaleesi sdk\intermediates\debug\khaleesi sdk.tlog\link-cvtres.write.1.tlog
c:\users\dopamine\desktop\khaleesi-sdk\khaleesi sdk\intermediates\debug\khaleesi sdk.tlog\link-rc.read.1.tlog
c:\users\dopamine\desktop\khaleesi-sdk\khaleesi sdk\intermediates\debug\khaleesi sdk.tlog\link-rc.write.1.tlog
c:\users\dopamine\desktop\khaleesi-sdk\khaleesi sdk\intermediates\debug\khaleesi sdk.tlog\link.command.1.tlog
c:\users\dopamine\desktop\khaleesi-sdk\khaleesi sdk\intermediates\debug\khaleesi sdk.tlog\link.read.1.tlog
c:\users\dopamine\desktop\khaleesi-sdk\khaleesi sdk\intermediates\debug\khaleesi sdk.tlog\link.write.1.tlog
